[0.000000] (-) TimerEvent: {}
[0.000095] (navigation) JobQueued: {'identifier': 'navigation', 'dependencies': OrderedDict()}
[0.000115] (navigation) JobStarted: {'identifier': 'navigation'}
[0.099379] (-) TimerEvent: {}
[0.200621] (-) TimerEvent: {}
[0.300930] (-) TimerEvent: {}
[0.401192] (-) TimerEvent: {}
[0.432747] (navigation) Command: {'cmd': ['/usr/bin/python3', 'setup.py', 'egg_info', '--egg-base', '../../build/navigation', 'build', '--build-base', '/home/gustavo/ws/build/navigation/build', 'install', '--record', '/home/gustavo/ws/build/navigation/install.log', '--single-version-externally-managed'], 'cwd': '/home/gustavo/ws/src/navigation', 'env': {'USER': 'gustavo', 'LC_TIME': 'pt_BR.UTF-8', 'XDG_SESSION_TYPE': 'wayland', 'CMAKE_CXX_COMPILER': 'g++', 'BROWSER': 'firefox', 'XDG_CACHE_HOME': '/home/gustavo/.cache', 'SHLVL': '1', 'LD_LIBRARY_PATH': '/usr/lib/x86_64-linux-gnu/gazebo-11/plugins:/opt/ros/humble/opt/rviz_ogre_vendor/lib:/opt/ros/humble/lib/x86_64-linux-gnu:/opt/ros/humble/lib', 'HOME': '/home/gustavo', 'FIREFOX_BACKUP_DIR': '/home/gustavo/Documents/.backup/Mozilla', 'OLDPWD': '/home/gustavo', 'DESKTOP_SESSION': 'ubuntu', 'XDG_DOCUMENTS_DIR': '/home/gustavo/Documents', 'GTK_MODULES': 'gail:atk-bridge', 'GNOME_SHELL_SESSION_MODE': 'ubuntu', 'ROS_PYTHON_VERSION': '3', 'LC_MONETARY': 'pt_BR.UTF-8', 'FNM_ARCH': 'x64', 'XDG_STATE_HOME': '/home/gustavo/.local/state', 'VISUAL': 'nvim', 'SYSTEMD_EXEC_PID': '1594', 'DBUS_SESSION_BUS_ADDRESS': 'unix:path=/run/user/1000/bus', 'COLORTERM': 'truecolor', 'WAYLAND_DISPLAY': 'wayland-0', 'ROS_DISTRO': 'humble', 'FNM_LOGLEVEL': 'info', 'FNM_VERSION_FILE_STRATEGY': 'local', 'LOGNAME': 'gustavo', '_': '/usr/bin/colcon', 'FNM_NODE_DIST_MIRROR': 'https://nodejs.org/dist', 'XDG_SESSION_CLASS': 'user', 'ROS_VERSION': '2', 'USERNAME': 'gustavo', 'TERM': 'xterm-256color', 'GNOME_DESKTOP_SESSION_ID': 'this-is-deprecated', 'ROS_LOCALHOST_ONLY': '0', 'PATH': '/run/user/1000/fnm_multishells/13569_1699989637747/bin:/home/rmnicola/.local/share/fnm:/opt/ros/humble/bin:/home/gustavo/bin:/home/gustavo/.local/bin:/home/gustavo/.cargo/bin:/home/gustavo/bin:/home/gustavo/.local/bin:/usr/local/sbin:/usr/local/bin:/usr/sbin:/usr/bin:/sbin:/bin:/usr/games:/usr/local/games:/snap/bin:/snap/bin', 'SESSION_MANAGER': 'local/gustavo-Latitude-5420:@/tmp/.ICE-unix/1564,unix/gustavo-Latitude-5420:/tmp/.ICE-unix/1564', 'GNOME_BACKUP_DIR': '/home/gustavo/Documents/.backup/Gnome', 'GNOME_SETUP_DISPLAY': ':1', 'XDG_RUNTIME_DIR': '/run/user/1000', 'LC_ADDRESS': 'pt_BR.UTF-8', 'GNOME_TERMINAL_SCREEN': '/org/gnome/Terminal/screen/6ee0ce88_b41e_4891_b77a_94fdc3dcb605', 'XDG_MENU_PREFIX': 'gnome-', 'DISPLAY': ':0', 'CMAKE_C_COMPILER': 'gcc', 'LC_TELEPHONE': 'pt_BR.UTF-8', 'LANG': 'en_US.UTF-8', 'XDG_CURRENT_DESKTOP': 'ubuntu:GNOME', 'HISTSIZE': '10000', 'XAUTHORITY': '/run/user/1000/.mutter-Xwaylandauth.6JAKE2', 'XDG_SESSION_DESKTOP': 'ubuntu', 'XDG_DATA_HOME': '/home/gustavo/.local/share', 'GNOME_TERMINAL_SERVICE': ':1.226', 'XDG_CONFIG_HOME': '/home/gustavo/.config', 'XMODIFIERS': '@im=ibus', 'FNM_DIR': '/home/gustavo/.local/share/fnm', 'ROS_DOMAIN_ID': '143', 'SSH_AGENT_LAUNCHER': 'gnome-keyring', 'SSH_AUTH_SOCK': '/run/user/1000/keyring/ssh', 'AMENT_PREFIX_PATH': '/opt/ros/humble', 'FNM_RESOLVE_ENGINES': 'false', 'LC_NAME': 'pt_BR.UTF-8', 'SHELL': '/usr/bin/zsh', 'GDMSESSION': 'ubuntu', 'QT_ACCESSIBILITY': '1', 'LC_MEASUREMENT': 'pt_BR.UTF-8', 'LC_IDENTIFICATION': 'pt_BR.UTF-8', 'QT_IM_MODULE': 'ibus', 'SAVEHIST': '10000', 'PWD': '/home/gustavo/ws/build/navigation', 'TURTLEBOT3_MODEL': 'burger', 'FNM_MULTISHELL_PATH': '/run/user/1000/fnm_multishells/13569_1699989637747', 'XDG_DATA_DIRS': '/usr/local/share/:/usr/share/:/var/lib/snapd/desktop', 'KEYTIMEOUT': '1', 'LC_NUMERIC': 'pt_BR.UTF-8', 'PYTHONPATH': '/home/gustavo/ws/build/navigation/prefix_override:/home/gustavo/ws/install/navigation/lib/python3.10/site-packages:/opt/ros/humble/lib/python3.10/site-packages:/opt/ros/humble/local/lib/python3.10/dist-packages', 'HISTFILE': '/home/gustavo/.config/zsh/.zhistory', 'LC_PAPER': 'pt_BR.UTF-8', 'FNM_COREPACK_ENABLED': 'false', 'COLCON': '1', 'VTE_VERSION': '6800', 'EDITOR': 'nvim'}, 'shell': False}
[0.501372] (-) TimerEvent: {}
[0.601683] (-) TimerEvent: {}
[0.603351] (navigation) StdoutLine: {'line': b'running egg_info\n'}
[0.604053] (navigation) StdoutLine: {'line': b'writing ../../build/navigation/navigation.egg-info/PKG-INFO\n'}
[0.604217] (navigation) StdoutLine: {'line': b'writing dependency_links to ../../build/navigation/navigation.egg-info/dependency_links.txt\n'}
[0.604265] (navigation) StdoutLine: {'line': b'writing entry points to ../../build/navigation/navigation.egg-info/entry_points.txt\n'}
[0.604306] (navigation) StdoutLine: {'line': b'writing requirements to ../../build/navigation/navigation.egg-info/requires.txt\n'}
[0.604458] (navigation) StdoutLine: {'line': b'writing top-level names to ../../build/navigation/navigation.egg-info/top_level.txt\n'}
[0.605335] (navigation) StdoutLine: {'line': b"reading manifest file '../../build/navigation/navigation.egg-info/SOURCES.txt'\n"}
[0.605793] (navigation) StdoutLine: {'line': b"writing manifest file '../../build/navigation/navigation.egg-info/SOURCES.txt'\n"}
[0.605863] (navigation) StdoutLine: {'line': b'running build\n'}
[0.605905] (navigation) StdoutLine: {'line': b'running build_py\n'}
[0.605964] (navigation) StdoutLine: {'line': b'running install\n'}
[0.606157] (navigation) StderrLine: {'line': b'/usr/lib/python3/dist-packages/setuptools/command/install.py:34: SetuptoolsDeprecationWarning: setup.py install is deprecated. Use build and pip and other standards-based tools.\n'}
[0.606253] (navigation) StderrLine: {'line': b'  warnings.warn(\n'}
[0.606304] (navigation) StdoutLine: {'line': b'running install_lib\n'}
[0.606943] (navigation) StdoutLine: {'line': b'running install_data\n'}
[0.607328] (navigation) StdoutLine: {'line': b'running install_egg_info\n'}
[0.608519] (navigation) StdoutLine: {'line': b"removing '/home/gustavo/ws/install/navigation/lib/python3.10/site-packages/navigation-0.0.0-py3.10.egg-info' (and everything under it)\n"}
[0.608704] (navigation) StdoutLine: {'line': b'Copying ../../build/navigation/navigation.egg-info to /home/gustavo/ws/install/navigation/lib/python3.10/site-packages/navigation-0.0.0-py3.10.egg-info\n'}
[0.609048] (navigation) StdoutLine: {'line': b'running install_scripts\n'}
[0.622194] (navigation) StdoutLine: {'line': b'Installing nav script to /home/gustavo/ws/install/navigation/lib/navigation\n'}
[0.622423] (navigation) StdoutLine: {'line': b"writing list of installed files to '/home/gustavo/ws/build/navigation/install.log'\n"}
[0.640037] (navigation) CommandEnded: {'returncode': 0}
[0.670982] (navigation) JobEnded: {'identifier': 'navigation', 'rc': 0}
[0.671583] (-) EventReactorShutdown: {}
