[0.000000] (-) TimerEvent: {}
[0.000124] (chatbot) JobQueued: {'identifier': 'chatbot', 'dependencies': OrderedDict()}
[0.000149] (chatbot) JobStarted: {'identifier': 'chatbot'}
[0.099253] (-) TimerEvent: {}
[0.199503] (-) TimerEvent: {}
[0.299839] (-) TimerEvent: {}
[0.400126] (-) TimerEvent: {}
[0.550494] (-) TimerEvent: {}
[0.650826] (-) TimerEvent: {}
[0.751117] (-) TimerEvent: {}
[0.778989] (chatbot) Command: {'cmd': ['/usr/bin/python3', 'setup.py', 'egg_info', '--egg-base', '../../build/chatbot', 'build', '--build-base', '/home/gustavo/entregas-m8/ponderada3/ws/build/chatbot/build', 'install', '--record', '/home/gustavo/entregas-m8/ponderada3/ws/build/chatbot/install.log', '--single-version-externally-managed'], 'cwd': '/home/gustavo/entregas-m8/ponderada3/ws/src/chatbot', 'env': {'USER': 'gustavo', 'LC_TIME': 'pt_BR.UTF-8', 'XDG_SESSION_TYPE': 'wayland', 'CMAKE_CXX_COMPILER': 'g++', 'BROWSER': 'firefox', 'XDG_CACHE_HOME': '/home/gustavo/.cache', 'SHLVL': '1', 'LD_LIBRARY_PATH': '/usr/lib/x86_64-linux-gnu/gazebo-11/plugins:/opt/ros/humble/opt/rviz_ogre_vendor/lib:/opt/ros/humble/lib/x86_64-linux-gnu:/opt/ros/humble/lib', 'HOME': '/home/gustavo', 'FIREFOX_BACKUP_DIR': '/home/gustavo/Documents/.backup/Mozilla', 'OLDPWD': '/home/gustavo/entregas-m8/ponderada3', 'DESKTOP_SESSION': 'ubuntu', 'XDG_DOCUMENTS_DIR': '/home/gustavo/Documents', 'GTK_MODULES': 'gail:atk-bridge', 'GNOME_SHELL_SESSION_MODE': 'ubuntu', 'ROS_PYTHON_VERSION': '3', 'LC_MONETARY': 'pt_BR.UTF-8', 'FNM_ARCH': 'x64', 'XDG_STATE_HOME': '/home/gustavo/.local/state', 'VISUAL': 'nvim', 'SYSTEMD_EXEC_PID': '1614', 'DBUS_SESSION_BUS_ADDRESS': 'unix:path=/run/user/1000/bus', 'COLORTERM': 'truecolor', 'WAYLAND_DISPLAY': 'wayland-0', 'ROS_DISTRO': 'humble', 'FNM_LOGLEVEL': 'info', 'FNM_VERSION_FILE_STRATEGY': 'local', 'LOGNAME': 'gustavo', '_': '/usr/bin/colcon', 'FNM_NODE_DIST_MIRROR': 'https://nodejs.org/dist', 'XDG_SESSION_CLASS': 'user', 'ROS_VERSION': '2', 'USERNAME': 'gustavo', 'TERM': 'xterm-256color', 'GNOME_DESKTOP_SESSION_ID': 'this-is-deprecated', 'ROS_LOCALHOST_ONLY': '0', 'PATH': '/run/user/1000/fnm_multishells/26653_1700748451675/bin:/home/rmnicola/.local/share/fnm:/opt/ros/humble/bin:/home/gustavo/bin:/home/gustavo/.local/bin:/home/gustavo/.cargo/bin:/home/gustavo/bin:/home/gustavo/.local/bin:/usr/local/sbin:/usr/local/bin:/usr/sbin:/usr/bin:/sbin:/bin:/usr/games:/usr/local/games:/snap/bin:/snap/bin', 'SESSION_MANAGER': 'local/gustavo-Latitude-5420:@/tmp/.ICE-unix/1593,unix/gustavo-Latitude-5420:/tmp/.ICE-unix/1593', 'GNOME_BACKUP_DIR': '/home/gustavo/Documents/.backup/Gnome', 'GNOME_SETUP_DISPLAY': ':1', 'XDG_RUNTIME_DIR': '/run/user/1000', 'LC_ADDRESS': 'pt_BR.UTF-8', 'GNOME_TERMINAL_SCREEN': '/org/gnome/Terminal/screen/ed77c5c4_c2d7_4ba5_b069_d958a30425c1', 'XDG_MENU_PREFIX': 'gnome-', 'DISPLAY': ':0', 'CMAKE_C_COMPILER': 'gcc', 'LC_TELEPHONE': 'pt_BR.UTF-8', 'LANG': 'en_US.UTF-8', 'XDG_CURRENT_DESKTOP': 'ubuntu:GNOME', 'HISTSIZE': '10000', 'XAUTHORITY': '/run/user/1000/.mutter-Xwaylandauth.93NVE2', 'XDG_SESSION_DESKTOP': 'ubuntu', 'XDG_DATA_HOME': '/home/gustavo/.local/share', 'GNOME_TERMINAL_SERVICE': ':1.966', 'XDG_CONFIG_HOME': '/home/gustavo/.config', 'XMODIFIERS': '@im=ibus', 'FNM_DIR': '/home/gustavo/.local/share/fnm', 'ROS_DOMAIN_ID': '51', 'SSH_AGENT_LAUNCHER': 'gnome-keyring', 'SSH_AUTH_SOCK': '/run/user/1000/keyring/ssh', 'AMENT_PREFIX_PATH': '/opt/ros/humble', 'FNM_RESOLVE_ENGINES': 'false', 'LC_NAME': 'pt_BR.UTF-8', 'SHELL': '/usr/bin/zsh', 'GDMSESSION': 'ubuntu', 'QT_ACCESSIBILITY': '1', 'LC_MEASUREMENT': 'pt_BR.UTF-8', 'LC_IDENTIFICATION': 'pt_BR.UTF-8', 'QT_IM_MODULE': 'ibus', 'SAVEHIST': '10000', 'PWD': '/home/gustavo/entregas-m8/ponderada3/ws/build/chatbot', 'TURTLEBOT3_MODEL': 'burger', 'FNM_MULTISHELL_PATH': '/run/user/1000/fnm_multishells/26653_1700748451675', 'XDG_DATA_DIRS': '/usr/local/share/:/usr/share/:/var/lib/snapd/desktop', 'KEYTIMEOUT': '1', 'LC_NUMERIC': 'pt_BR.UTF-8', 'PYTHONPATH': '/home/gustavo/entregas-m8/ponderada3/ws/build/chatbot/prefix_override:/home/gustavo/entregas-m8/ponderada3/ws/install/chatbot/lib/python3.10/site-packages:/opt/ros/humble/lib/python3.10/site-packages:/opt/ros/humble/local/lib/python3.10/dist-packages', 'HISTFILE': '/home/gustavo/.config/zsh/.zhistory', 'LC_PAPER': 'pt_BR.UTF-8', 'FNM_COREPACK_ENABLED': 'false', 'COLCON': '1', 'VTE_VERSION': '6800', 'EDITOR': 'nvim'}, 'shell': False}
[0.851232] (-) TimerEvent: {}
[0.920897] (chatbot) StdoutLine: {'line': b'running egg_info\n'}
[0.921582] (chatbot) StdoutLine: {'line': b'writing ../../build/chatbot/chatbot.egg-info/PKG-INFO\n'}
[0.921726] (chatbot) StdoutLine: {'line': b'writing dependency_links to ../../build/chatbot/chatbot.egg-info/dependency_links.txt\n'}
[0.921880] (chatbot) StdoutLine: {'line': b'writing entry points to ../../build/chatbot/chatbot.egg-info/entry_points.txt\n'}
[0.921980] (chatbot) StdoutLine: {'line': b'writing requirements to ../../build/chatbot/chatbot.egg-info/requires.txt\n'}
[0.922055] (chatbot) StdoutLine: {'line': b'writing top-level names to ../../build/chatbot/chatbot.egg-info/top_level.txt\n'}
[0.923557] (chatbot) StdoutLine: {'line': b"reading manifest file '../../build/chatbot/chatbot.egg-info/SOURCES.txt'\n"}
[0.925348] (chatbot) StdoutLine: {'line': b"writing manifest file '../../build/chatbot/chatbot.egg-info/SOURCES.txt'\n"}
[0.925437] (chatbot) StdoutLine: {'line': b'running build\n'}
[0.925481] (chatbot) StdoutLine: {'line': b'running build_py\n'}
[0.925547] (chatbot) StdoutLine: {'line': b'copying chatbot/test.py -> /home/gustavo/entregas-m8/ponderada3/ws/build/chatbot/build/lib/chatbot\n'}
[0.925608] (chatbot) StdoutLine: {'line': b'copying chatbot/chatbot.py -> /home/gustavo/entregas-m8/ponderada3/ws/build/chatbot/build/lib/chatbot\n'}
[0.925737] (chatbot) StdoutLine: {'line': b'running install\n'}
[0.926511] (chatbot) StderrLine: {'line': b'/usr/lib/python3/dist-packages/setuptools/command/install.py:34: SetuptoolsDeprecationWarning: setup.py install is deprecated. Use build and pip and other standards-based tools.\n'}
[0.926565] (chatbot) StderrLine: {'line': b'  warnings.warn(\n'}
[0.926630] (chatbot) StdoutLine: {'line': b'running install_lib\n'}
[0.927229] (chatbot) StdoutLine: {'line': b'copying /home/gustavo/entregas-m8/ponderada3/ws/build/chatbot/build/lib/chatbot/test.py -> /home/gustavo/entregas-m8/ponderada3/ws/install/chatbot/lib/python3.10/site-packages/chatbot\n'}
[0.927275] (chatbot) StdoutLine: {'line': b'copying /home/gustavo/entregas-m8/ponderada3/ws/build/chatbot/build/lib/chatbot/chatbot.py -> /home/gustavo/entregas-m8/ponderada3/ws/install/chatbot/lib/python3.10/site-packages/chatbot\n'}
[0.927657] (chatbot) StdoutLine: {'line': b'byte-compiling /home/gustavo/entregas-m8/ponderada3/ws/install/chatbot/lib/python3.10/site-packages/chatbot/test.py to test.cpython-310.pyc\n'}
[0.927737] (chatbot) StdoutLine: {'line': b'byte-compiling /home/gustavo/entregas-m8/ponderada3/ws/install/chatbot/lib/python3.10/site-packages/chatbot/chatbot.py to chatbot.cpython-310.pyc\n'}
[0.928243] (chatbot) StdoutLine: {'line': b'running install_data\n'}
[0.928625] (chatbot) StdoutLine: {'line': b'running install_egg_info\n'}
[0.929772] (chatbot) StdoutLine: {'line': b"removing '/home/gustavo/entregas-m8/ponderada3/ws/install/chatbot/lib/python3.10/site-packages/chatbot-0.0.0-py3.10.egg-info' (and everything under it)\n"}
[0.929849] (chatbot) StdoutLine: {'line': b'Copying ../../build/chatbot/chatbot.egg-info to /home/gustavo/entregas-m8/ponderada3/ws/install/chatbot/lib/python3.10/site-packages/chatbot-0.0.0-py3.10.egg-info\n'}
[0.930540] (chatbot) StdoutLine: {'line': b'running install_scripts\n'}
[0.943713] (chatbot) StdoutLine: {'line': b'Installing chatbot script to /home/gustavo/entregas-m8/ponderada3/ws/install/chatbot/lib/chatbot\n'}
[0.943979] (chatbot) StdoutLine: {'line': b"writing list of installed files to '/home/gustavo/entregas-m8/ponderada3/ws/build/chatbot/install.log'\n"}
[0.951340] (-) TimerEvent: {}
[0.960385] (chatbot) CommandEnded: {'returncode': 0}
[1.007181] (chatbot) JobEnded: {'identifier': 'chatbot', 'rc': 0}
[1.008039] (-) EventReactorShutdown: {}
