running egg_info
writing ../../build/chatbot/chatbot.egg-info/PKG-INFO
writing dependency_links to ../../build/chatbot/chatbot.egg-info/dependency_links.txt
writing entry points to ../../build/chatbot/chatbot.egg-info/entry_points.txt
writing requirements to ../../build/chatbot/chatbot.egg-info/requires.txt
writing top-level names to ../../build/chatbot/chatbot.egg-info/top_level.txt
reading manifest file '../../build/chatbot/chatbot.egg-info/SOURCES.txt'
writing manifest file '../../build/chatbot/chatbot.egg-info/SOURCES.txt'
running build
running build_py
copying chatbot/test.py -> /home/gustavo/entregas-m8/ponderada3/ws/build/chatbot/build/lib/chatbot
copying chatbot/chatbot.py -> /home/gustavo/entregas-m8/ponderada3/ws/build/chatbot/build/lib/chatbot
running install
/usr/lib/python3/dist-packages/setuptools/command/install.py:34: SetuptoolsDeprecationWarning: setup.py install is deprecated. Use build and pip and other standards-based tools.
  warnings.warn(
running install_lib
copying /home/gustavo/entregas-m8/ponderada3/ws/build/chatbot/build/lib/chatbot/test.py -> /home/gustavo/entregas-m8/ponderada3/ws/install/chatbot/lib/python3.10/site-packages/chatbot
copying /home/gustavo/entregas-m8/ponderada3/ws/build/chatbot/build/lib/chatbot/chatbot.py -> /home/gustavo/entregas-m8/ponderada3/ws/install/chatbot/lib/python3.10/site-packages/chatbot
byte-compiling /home/gustavo/entregas-m8/ponderada3/ws/install/chatbot/lib/python3.10/site-packages/chatbot/test.py to test.cpython-310.pyc
byte-compiling /home/gustavo/entregas-m8/ponderada3/ws/install/chatbot/lib/python3.10/site-packages/chatbot/chatbot.py to chatbot.cpython-310.pyc
running install_data
running install_egg_info
removing '/home/gustavo/entregas-m8/ponderada3/ws/install/chatbot/lib/python3.10/site-packages/chatbot-0.0.0-py3.10.egg-info' (and everything under it)
Copying ../../build/chatbot/chatbot.egg-info to /home/gustavo/entregas-m8/ponderada3/ws/install/chatbot/lib/python3.10/site-packages/chatbot-0.0.0-py3.10.egg-info
running install_scripts
Installing chatbot script to /home/gustavo/entregas-m8/ponderada3/ws/install/chatbot/lib/chatbot
writing list of installed files to '/home/gustavo/entregas-m8/ponderada3/ws/build/chatbot/install.log'
