[0.779s] Invoking command in '/home/gustavo/entregas-m8/ponderada3/ws/src/chatbot': PYTHONPATH=/home/gustavo/entregas-m8/ponderada3/ws/build/chatbot/prefix_override:/home/gustavo/entregas-m8/ponderada3/ws/install/chatbot/lib/python3.10/site-packages:${PYTHONPATH} /usr/bin/python3 setup.py egg_info --egg-base ../../build/chatbot build --build-base /home/gustavo/entregas-m8/ponderada3/ws/build/chatbot/build install --record /home/gustavo/entregas-m8/ponderada3/ws/build/chatbot/install.log --single-version-externally-managed
[0.921s] running egg_info
[0.922s] writing ../../build/chatbot/chatbot.egg-info/PKG-INFO
[0.922s] writing dependency_links to ../../build/chatbot/chatbot.egg-info/dependency_links.txt
[0.922s] writing entry points to ../../build/chatbot/chatbot.egg-info/entry_points.txt
[0.922s] writing requirements to ../../build/chatbot/chatbot.egg-info/requires.txt
[0.922s] writing top-level names to ../../build/chatbot/chatbot.egg-info/top_level.txt
[0.923s] reading manifest file '../../build/chatbot/chatbot.egg-info/SOURCES.txt'
[0.925s] writing manifest file '../../build/chatbot/chatbot.egg-info/SOURCES.txt'
[0.925s] running build
[0.925s] running build_py
[0.925s] copying chatbot/test.py -> /home/gustavo/entregas-m8/ponderada3/ws/build/chatbot/build/lib/chatbot
[0.925s] copying chatbot/chatbot.py -> /home/gustavo/entregas-m8/ponderada3/ws/build/chatbot/build/lib/chatbot
[0.926s] running install
[0.926s] /usr/lib/python3/dist-packages/setuptools/command/install.py:34: SetuptoolsDeprecationWarning: setup.py install is deprecated. Use build and pip and other standards-based tools.
[0.926s]   warnings.warn(
[0.927s] running install_lib
[0.927s] copying /home/gustavo/entregas-m8/ponderada3/ws/build/chatbot/build/lib/chatbot/test.py -> /home/gustavo/entregas-m8/ponderada3/ws/install/chatbot/lib/python3.10/site-packages/chatbot
[0.927s] copying /home/gustavo/entregas-m8/ponderada3/ws/build/chatbot/build/lib/chatbot/chatbot.py -> /home/gustavo/entregas-m8/ponderada3/ws/install/chatbot/lib/python3.10/site-packages/chatbot
[0.928s] byte-compiling /home/gustavo/entregas-m8/ponderada3/ws/install/chatbot/lib/python3.10/site-packages/chatbot/test.py to test.cpython-310.pyc
[0.928s] byte-compiling /home/gustavo/entregas-m8/ponderada3/ws/install/chatbot/lib/python3.10/site-packages/chatbot/chatbot.py to chatbot.cpython-310.pyc
[0.928s] running install_data
[0.929s] running install_egg_info
[0.930s] removing '/home/gustavo/entregas-m8/ponderada3/ws/install/chatbot/lib/python3.10/site-packages/chatbot-0.0.0-py3.10.egg-info' (and everything under it)
[0.930s] Copying ../../build/chatbot/chatbot.egg-info to /home/gustavo/entregas-m8/ponderada3/ws/install/chatbot/lib/python3.10/site-packages/chatbot-0.0.0-py3.10.egg-info
[0.930s] running install_scripts
[0.944s] Installing chatbot script to /home/gustavo/entregas-m8/ponderada3/ws/install/chatbot/lib/chatbot
[0.944s] writing list of installed files to '/home/gustavo/entregas-m8/ponderada3/ws/build/chatbot/install.log'
[0.960s] Invoked command in '/home/gustavo/entregas-m8/ponderada3/ws/src/chatbot' returned '0': PYTHONPATH=/home/gustavo/entregas-m8/ponderada3/ws/build/chatbot/prefix_override:/home/gustavo/entregas-m8/ponderada3/ws/install/chatbot/lib/python3.10/site-packages:${PYTHONPATH} /usr/bin/python3 setup.py egg_info --egg-base ../../build/chatbot build --build-base /home/gustavo/entregas-m8/ponderada3/ws/build/chatbot/build install --record /home/gustavo/entregas-m8/ponderada3/ws/build/chatbot/install.log --single-version-externally-managed
