[0.702s] Invoking command in '/home/gustavo/ws/src/navigation': PYTHONPATH=/home/gustavo/ws/build/navigation/prefix_override:/home/gustavo/ws/install/navigation/lib/python3.10/site-packages:${PYTHONPATH} /usr/bin/python3 setup.py egg_info --egg-base ../../build/navigation build --build-base /home/gustavo/ws/build/navigation/build install --record /home/gustavo/ws/build/navigation/install.log --single-version-externally-managed
[0.841s] running egg_info
[0.841s] writing ../../build/navigation/navigation.egg-info/PKG-INFO
[0.842s] writing dependency_links to ../../build/navigation/navigation.egg-info/dependency_links.txt
[0.843s] writing entry points to ../../build/navigation/navigation.egg-info/entry_points.txt
[0.843s] writing requirements to ../../build/navigation/navigation.egg-info/requires.txt
[0.843s] writing top-level names to ../../build/navigation/navigation.egg-info/top_level.txt
[0.844s] reading manifest file '../../build/navigation/navigation.egg-info/SOURCES.txt'
[0.845s] writing manifest file '../../build/navigation/navigation.egg-info/SOURCES.txt'
[0.845s] running build
[0.845s] running build_py
[0.849s] running install
[0.850s] /usr/lib/python3/dist-packages/setuptools/command/install.py:34: SetuptoolsDeprecationWarning: setup.py install is deprecated. Use build and pip and other standards-based tools.
[0.850s]   warnings.warn(
[0.850s] running install_lib
[0.851s] running install_data
[0.852s] running install_egg_info
[0.853s] removing '/home/gustavo/ws/install/navigation/lib/python3.10/site-packages/navigation-0.0.0-py3.10.egg-info' (and everything under it)
[0.855s] Copying ../../build/navigation/navigation.egg-info to /home/gustavo/ws/install/navigation/lib/python3.10/site-packages/navigation-0.0.0-py3.10.egg-info
[0.857s] running install_scripts
[0.870s] Installing nav script to /home/gustavo/ws/install/navigation/lib/navigation
[0.871s] writing list of installed files to '/home/gustavo/ws/build/navigation/install.log'
[0.887s] Invoked command in '/home/gustavo/ws/src/navigation' returned '0': PYTHONPATH=/home/gustavo/ws/build/navigation/prefix_override:/home/gustavo/ws/install/navigation/lib/python3.10/site-packages:${PYTHONPATH} /usr/bin/python3 setup.py egg_info --egg-base ../../build/navigation build --build-base /home/gustavo/ws/build/navigation/build install --record /home/gustavo/ws/build/navigation/install.log --single-version-externally-managed
