running egg_info
creating ../../build/navigation/navigation.egg-info
writing ../../build/navigation/navigation.egg-info/PKG-INFO
writing dependency_links to ../../build/navigation/navigation.egg-info/dependency_links.txt
writing entry points to ../../build/navigation/navigation.egg-info/entry_points.txt
writing requirements to ../../build/navigation/navigation.egg-info/requires.txt
writing top-level names to ../../build/navigation/navigation.egg-info/top_level.txt
writing manifest file '../../build/navigation/navigation.egg-info/SOURCES.txt'
reading manifest file '../../build/navigation/navigation.egg-info/SOURCES.txt'
writing manifest file '../../build/navigation/navigation.egg-info/SOURCES.txt'
running build
running build_py
creating /home/gustavo/ws/build/navigation/build
creating /home/gustavo/ws/build/navigation/build/lib
creating /home/gustavo/ws/build/navigation/build/lib/navigation
copying navigation/nav.py -> /home/gustavo/ws/build/navigation/build/lib/navigation
/usr/lib/python3/dist-packages/setuptools/command/install.py:34: SetuptoolsDeprecationWarning: setup.py install is deprecated. Use build and pip and other standards-based tools.
  warnings.warn(
copying navigation/__init__.py -> /home/gustavo/ws/build/navigation/build/lib/navigation
running install
running install_lib
creating /home/gustavo/ws/install/navigation/lib/python3.10/site-packages/navigation
copying /home/gustavo/ws/build/navigation/build/lib/navigation/nav.py -> /home/gustavo/ws/install/navigation/lib/python3.10/site-packages/navigation
copying /home/gustavo/ws/build/navigation/build/lib/navigation/__init__.py -> /home/gustavo/ws/install/navigation/lib/python3.10/site-packages/navigation
byte-compiling /home/gustavo/ws/install/navigation/lib/python3.10/site-packages/navigation/nav.py to nav.cpython-310.pyc
byte-compiling /home/gustavo/ws/install/navigation/lib/python3.10/site-packages/navigation/__init__.py to __init__.cpython-310.pyc
running install_data
creating /home/gustavo/ws/install/navigation/share/ament_index
creating /home/gustavo/ws/install/navigation/share/ament_index/resource_index
creating /home/gustavo/ws/install/navigation/share/ament_index/resource_index/packages
copying resource/navigation -> /home/gustavo/ws/install/navigation/share/ament_index/resource_index/packages
copying package.xml -> /home/gustavo/ws/install/navigation/share/navigation
running install_egg_info
Copying ../../build/navigation/navigation.egg-info to /home/gustavo/ws/install/navigation/lib/python3.10/site-packages/navigation-0.0.0-py3.10.egg-info
running install_scripts
Installing nav script to /home/gustavo/ws/install/navigation/lib/navigation
writing list of installed files to '/home/gustavo/ws/build/navigation/install.log'
