[0.455s] Invoking command in '/home/gustavo/ws/src/navigation': PYTHONPATH=/home/gustavo/ws/build/navigation/prefix_override:/home/gustavo/ws/install/navigation/lib/python3.10/site-packages:${PYTHONPATH} /usr/bin/python3 setup.py egg_info --egg-base ../../build/navigation build --build-base /home/gustavo/ws/build/navigation/build install --record /home/gustavo/ws/build/navigation/install.log --single-version-externally-managed
[0.593s] running egg_info
[0.593s] creating ../../build/navigation/navigation.egg-info
[0.593s] writing ../../build/navigation/navigation.egg-info/PKG-INFO
[0.593s] writing dependency_links to ../../build/navigation/navigation.egg-info/dependency_links.txt
[0.594s] writing entry points to ../../build/navigation/navigation.egg-info/entry_points.txt
[0.594s] writing requirements to ../../build/navigation/navigation.egg-info/requires.txt
[0.594s] writing top-level names to ../../build/navigation/navigation.egg-info/top_level.txt
[0.594s] writing manifest file '../../build/navigation/navigation.egg-info/SOURCES.txt'
[0.595s] reading manifest file '../../build/navigation/navigation.egg-info/SOURCES.txt'
[0.595s] writing manifest file '../../build/navigation/navigation.egg-info/SOURCES.txt'
[0.595s] running build
[0.595s] running build_py
[0.596s] creating /home/gustavo/ws/build/navigation/build
[0.596s] creating /home/gustavo/ws/build/navigation/build/lib
[0.596s] creating /home/gustavo/ws/build/navigation/build/lib/navigation
[0.596s] copying navigation/nav.py -> /home/gustavo/ws/build/navigation/build/lib/navigation
[0.596s] /usr/lib/python3/dist-packages/setuptools/command/install.py:34: SetuptoolsDeprecationWarning: setup.py install is deprecated. Use build and pip and other standards-based tools.
[0.596s]   warnings.warn(
[0.596s] copying navigation/__init__.py -> /home/gustavo/ws/build/navigation/build/lib/navigation
[0.596s] running install
[0.596s] running install_lib
[0.597s] creating /home/gustavo/ws/install/navigation/lib/python3.10/site-packages/navigation
[0.597s] copying /home/gustavo/ws/build/navigation/build/lib/navigation/nav.py -> /home/gustavo/ws/install/navigation/lib/python3.10/site-packages/navigation
[0.597s] copying /home/gustavo/ws/build/navigation/build/lib/navigation/__init__.py -> /home/gustavo/ws/install/navigation/lib/python3.10/site-packages/navigation
[0.597s] byte-compiling /home/gustavo/ws/install/navigation/lib/python3.10/site-packages/navigation/nav.py to nav.cpython-310.pyc
[0.597s] byte-compiling /home/gustavo/ws/install/navigation/lib/python3.10/site-packages/navigation/__init__.py to __init__.cpython-310.pyc
[0.597s] running install_data
[0.598s] creating /home/gustavo/ws/install/navigation/share/ament_index
[0.598s] creating /home/gustavo/ws/install/navigation/share/ament_index/resource_index
[0.598s] creating /home/gustavo/ws/install/navigation/share/ament_index/resource_index/packages
[0.598s] copying resource/navigation -> /home/gustavo/ws/install/navigation/share/ament_index/resource_index/packages
[0.598s] copying package.xml -> /home/gustavo/ws/install/navigation/share/navigation
[0.598s] running install_egg_info
[0.599s] Copying ../../build/navigation/navigation.egg-info to /home/gustavo/ws/install/navigation/lib/python3.10/site-packages/navigation-0.0.0-py3.10.egg-info
[0.600s] running install_scripts
[0.614s] Installing nav script to /home/gustavo/ws/install/navigation/lib/navigation
[0.614s] writing list of installed files to '/home/gustavo/ws/build/navigation/install.log'
[0.630s] Invoked command in '/home/gustavo/ws/src/navigation' returned '0': PYTHONPATH=/home/gustavo/ws/build/navigation/prefix_override:/home/gustavo/ws/install/navigation/lib/python3.10/site-packages:${PYTHONPATH} /usr/bin/python3 setup.py egg_info --egg-base ../../build/navigation build --build-base /home/gustavo/ws/build/navigation/build install --record /home/gustavo/ws/build/navigation/install.log --single-version-externally-managed
