[0.438s] Invoking command in '/home/gustavo/ws/src/chatbot': PYTHONPATH=/home/gustavo/ws/build/chatbot/prefix_override:/home/gustavo/ws/install/chatbot/lib/python3.10/site-packages:${PYTHONPATH} /usr/bin/python3 setup.py egg_info --egg-base ../../build/chatbot build --build-base /home/gustavo/ws/build/chatbot/build install --record /home/gustavo/ws/build/chatbot/install.log --single-version-externally-managed
[0.575s] running egg_info
[0.575s] creating ../../build/chatbot/chatbot.egg-info
[0.576s] writing ../../build/chatbot/chatbot.egg-info/PKG-INFO
[0.576s] writing dependency_links to ../../build/chatbot/chatbot.egg-info/dependency_links.txt
[0.576s] writing entry points to ../../build/chatbot/chatbot.egg-info/entry_points.txt
[0.576s] writing requirements to ../../build/chatbot/chatbot.egg-info/requires.txt
[0.576s] writing top-level names to ../../build/chatbot/chatbot.egg-info/top_level.txt
[0.576s] writing manifest file '../../build/chatbot/chatbot.egg-info/SOURCES.txt'
[0.577s] reading manifest file '../../build/chatbot/chatbot.egg-info/SOURCES.txt'
[0.577s] writing manifest file '../../build/chatbot/chatbot.egg-info/SOURCES.txt'
[0.579s] running build
[0.579s] running build_py
[0.579s] creating /home/gustavo/ws/build/chatbot/build
[0.580s] creating /home/gustavo/ws/build/chatbot/build/lib
[0.580s] creating /home/gustavo/ws/build/chatbot/build/lib/chatbot
[0.580s] copying chatbot/__init__.py -> /home/gustavo/ws/build/chatbot/build/lib/chatbot
[0.580s] copying chatbot/chatbot.py -> /home/gustavo/ws/build/chatbot/build/lib/chatbot
[0.580s] running install
[0.580s] /usr/lib/python3/dist-packages/setuptools/command/install.py:34: SetuptoolsDeprecationWarning: setup.py install is deprecated. Use build and pip and other standards-based tools.
[0.580s]   warnings.warn(
[0.580s] running install_lib
[0.581s] creating /home/gustavo/ws/install/chatbot/lib/python3.10/site-packages/chatbot
[0.581s] copying /home/gustavo/ws/build/chatbot/build/lib/chatbot/__init__.py -> /home/gustavo/ws/install/chatbot/lib/python3.10/site-packages/chatbot
[0.581s] copying /home/gustavo/ws/build/chatbot/build/lib/chatbot/chatbot.py -> /home/gustavo/ws/install/chatbot/lib/python3.10/site-packages/chatbot
[0.581s] byte-compiling /home/gustavo/ws/install/chatbot/lib/python3.10/site-packages/chatbot/__init__.py to __init__.cpython-310.pyc
[0.581s] byte-compiling /home/gustavo/ws/install/chatbot/lib/python3.10/site-packages/chatbot/chatbot.py to chatbot.cpython-310.pyc
[0.581s] running install_data
[0.582s] creating /home/gustavo/ws/install/chatbot/share/ament_index
[0.582s] creating /home/gustavo/ws/install/chatbot/share/ament_index/resource_index
[0.582s] creating /home/gustavo/ws/install/chatbot/share/ament_index/resource_index/packages
[0.582s] copying resource/chatbot -> /home/gustavo/ws/install/chatbot/share/ament_index/resource_index/packages
[0.582s] copying package.xml -> /home/gustavo/ws/install/chatbot/share/chatbot
[0.582s] running install_egg_info
[0.583s] Copying ../../build/chatbot/chatbot.egg-info to /home/gustavo/ws/install/chatbot/lib/python3.10/site-packages/chatbot-0.0.0-py3.10.egg-info
[0.583s] running install_scripts
[0.597s] Installing chatbot script to /home/gustavo/ws/install/chatbot/lib/chatbot
[0.597s] writing list of installed files to '/home/gustavo/ws/build/chatbot/install.log'
[0.613s] Invoked command in '/home/gustavo/ws/src/chatbot' returned '0': PYTHONPATH=/home/gustavo/ws/build/chatbot/prefix_override:/home/gustavo/ws/install/chatbot/lib/python3.10/site-packages:${PYTHONPATH} /usr/bin/python3 setup.py egg_info --egg-base ../../build/chatbot build --build-base /home/gustavo/ws/build/chatbot/build install --record /home/gustavo/ws/build/chatbot/install.log --single-version-externally-managed
